Build started 11/17/2011 10:56:33 AM.
     1>Project "C:\Users\Mike\Documents\Visual Studio 2010\Projects\VM\VM\VM.vcxproj" on node 2 (build target(s)).
     1>InitializeBuildStatus:
         Creating "Debug\VM.unsuccessfulbuild" because "AlwaysCreate" was specified.
       ClCompile:
         c:\Program Files (x86)\Microsoft Visual Studio 10.0\VC\bin\CL.exe /c /ZI /nologo /W3 /WX- /Od /Oy- /D _MBCS /Gm /EHsc /RTC1 /MTd /GS /fp:precise /Zc:wchar_t /Zc:forScope /Fo"Debug\\" /Fd"Debug\vc100.pdb" /Gd /TP /analyze- /errorReport:prompt main.cpp
         main.cpp
       Link:
         c:\Program Files (x86)\Microsoft Visual Studio 10.0\VC\bin\link.exe /ERRORREPORT:PROMPT /OUT:"C:\Users\Mike\Documents\Visual Studio 2010\Projects\VM\Debug\VM.exe" /NOLOGO kernel32.lib user32.lib gdi32.lib winspool.lib comdlg32.lib advapi32.lib shell32.lib ole32.lib oleaut32.lib uuid.lib odbc32.lib odbccp32.lib /MANIFEST /ManifestFile:"Debug\VM.exe.intermediate.manifest" /MANIFESTUAC:"level='asInvoker' uiAccess='false'" /DEBUG /PDB:"C:\Users\Mike\Documents\Visual Studio 2010\Projects\VM\Debug\VM.pdb" /TLBID:1 /DYNAMICBASE /NXCOMPAT /IMPLIB:"C:\Users\Mike\Documents\Visual Studio 2010\Projects\VM\Debug\VM.lib" /MACHINE:X86 Debug\Assembler.obj
         Debug\main.obj
         Debug\Memory.obj
         LINK : C:\Users\Mike\Documents\Visual Studio 2010\Projects\VM\Debug\VM.exe not found or not built by the last incremental link; performing full link
         VM.vcxproj -> C:\Users\Mike\Documents\Visual Studio 2010\Projects\VM\Debug\VM.exe
       Manifest:
         C:\Program Files (x86)\Microsoft SDKs\Windows\v7.0A\bin\mt.exe /nologo /verbose /outputresource:"C:\Users\Mike\Documents\Visual Studio 2010\Projects\VM\Debug\VM.exe;#1" /manifest Debug\VM.exe.intermediate.manifest
       FinalizeBuildStatus:
         Deleting file "Debug\VM.unsuccessfulbuild".
         Touching "Debug\VM.lastbuildstate".
     1>Done Building Project "C:\Users\Mike\Documents\Visual Studio 2010\Projects\VM\VM\VM.vcxproj" (build target(s)).

Build succeeded.

Time Elapsed 00:00:02.00
